Start testing: Sep 18 09:39 BST
----------------------------------------------------------
21/21 Testing: app_resize
21/21 Test: app_resize
Command: "/Users/bruno/Documents/Development/bruno/vulkano_codex/bin/vulkano_app"
Directory: /Users/bruno/Documents/Development/bruno/vulkano_codex/build_release/tests
"app_resize" start time: Sep 18 09:39 BST
Output:
----------------------------------------------------------
<end of output>
Test time =   0.83 sec
----------------------------------------------------------
Test Failed.
"app_resize" end time: Sep 18 09:39 BST
"app_resize" time elapsed: 00:00:00
----------------------------------------------------------

End testing: Sep 18 09:39 BST
